<html>
<head>
<title>TestNG:  Testonfirefox</title>
<link href="../testng.css" rel="stylesheet" type="text/css" />
<link href="../my-testng.css" rel="stylesheet" type="text/css" />

<style type="text/css">
.log { display: none;} 
.stack-trace { display: none;} 
</style>
<script type="text/javascript">
<!--
function flip(e) {
  current = e.style.display;
  if (current == 'block') {
    e.style.display = 'none';
    return 0;
  }
  else {
    e.style.display = 'block';
    return 1;
  }
}

function toggleBox(szDivId, elem, msg1, msg2)
{
  var res = -1;  if (document.getElementById) {
    res = flip(document.getElementById(szDivId));
  }
  else if (document.all) {
    // this is the way old msie versions work
    res = flip(document.all[szDivId]);
  }
  if(elem) {
    if(res == 0) elem.innerHTML = msg1; else elem.innerHTML = msg2;
  }

}

function toggleAllBoxes() {
  if (document.getElementsByTagName) {
    d = document.getElementsByTagName('div');
    for (i = 0; i < d.length; i++) {
      if (d[i].className == 'log') {
        flip(d[i]);
      }
    }
  }
}

// -->
</script>

</head>
<body>
<h2 align='center'>Testonfirefox</h2><table border='1' align="center">
<tr>
<td>Tests passed/Failed/Skipped:</td><td>14/1/0</td>
</tr><tr>
<td>Started on:</td><td>Tue Sep 13 22:13:57 EET 2022</td>
</tr>
<tr><td>Total time:</td><td>209 seconds (209438 ms)</td>
</tr><tr>
<td>Included groups:</td><td></td>
</tr><tr>
<td>Excluded groups:</td><td></td>
</tr>
</table><p/>
<small><i>(Hover the method name to see the test class name)</i></small><p/>
<table width='100%' border='1' class='invocation-failed'>
<tr><td colspan='4' align='center'><b>FAILED TESTS</b></td></tr>
<tr><td><b>Test method</b></td>
<td width="30%"><b>Exception</b></td>
<td width="10%"><b>Time (seconds)</b></td>
<td><b>Instance</b></td>
</tr>
<tr>
<td title='testCases.MerchantsPageTest.EDITCandidate()'><b>EDITCandidate</b><br>Test class: testCases.MerchantsPageTest</td>
<td><div><pre>org.openqa.selenium.ElementNotInteractableException: Element &lt;option class=&quot;ng-star-inserted&quot;&gt; could not be scrolled into view
Build info: version: &apos;3.141.59&apos;, revision: &apos;e82be7d358&apos;, time: &apos;2018-11-14T08:17:03&apos;
System info: host: &apos;A-ABDELSATAR&apos;, ip: &apos;10.10.10.35&apos;, os.name: &apos;Windows 10&apos;, os.arch: &apos;amd64&apos;, os.version: &apos;10.0&apos;, java.version: &apos;17&apos;
Driver info: org.openqa.selenium.firefox.FirefoxDriver
Capabilities {acceptInsecureCerts: true, browserName: firefox, browserVersion: 104.0.2, javascriptEnabled: true, moz:accessibilityChecks: false, moz:buildID: 20220902153754, moz:geckodriverVersion: 0.30.0, moz:headless: false, moz:platformVersion: 10.0, moz:processID: 28632, moz:profile: C:\Users\AHMED~1.ABD\AppDat..., moz:shutdownTimeout: 60000, moz:useNonSpecCompliantPointerOrigin: false, moz:webdriverClick: true, moz:windowless: false, pageLoadStrategy: normal, platform: WINDOWS, platformName: WINDOWS, proxy: Proxy(), setWindowRect: true, strictFileInteractability: false, timeouts: {implicit: 0, pageLoad: 300000, script: 30000}, unhandledPromptBehavior: dismiss and notify}
Session ID: b3d18111-4288-4f9b-9e9e-d26a88708501
	at org.openqa.selenium.remote.http.W3CHttpResponseCodec.createException(W3CHttpResponseCodec.java:187)
	at org.openqa.selenium.remote.http.W3CHttpResponseCodec.decode(W3CHttpResponseCodec.java:122)
	at org.openqa.selenium.remote.http.W3CHttpResponseCodec.decode(W3CHttpResponseCodec.java:49)
	at org.openqa.selenium.remote.HttpCommandExecutor.execute(HttpCommandExecutor.java:158)
	at org.openqa.selenium.remote.service.DriverCommandExecutor.execute(DriverCommandExecutor.java:83)
	at org.openqa.selenium.remote.RemoteWebDriver.execute(RemoteWebDriver.java:552)
	at org.openqa.selenium.remote.RemoteWebElement.execute(RemoteWebElement.java:285)
	at org.openqa.selenium.remote.RemoteWebElement.click(RemoteWebElement.java:84)
	at org.openqa.selenium.support.ui.Select.setSelected(Select.java:311)
	at org.openqa.selenium.support.ui.Select.selectByValue(Select.java:187)
	at testPages.MerchantsPage.EditNewAddedCandidate(MerchantsPage.java:170)
	at testCases.MerchantsPageTest.EDITCandidate(MerchantsPageTest.java:94)
	at java.base/java.util.ArrayList.forEach(ArrayList.java:1511)
... Removed 32 stack frames</pre></div><a href='#' onClick='toggleBox("stack-trace1562516256", this, "Click to show all stack frames", "Click to hide stack frames")'>Click to show all stack frames</a>
<div class='stack-trace' id='stack-trace1562516256'><pre>org.openqa.selenium.ElementNotInteractableException: Element &lt;option class=&quot;ng-star-inserted&quot;&gt; could not be scrolled into view
Build info: version: &apos;3.141.59&apos;, revision: &apos;e82be7d358&apos;, time: &apos;2018-11-14T08:17:03&apos;
System info: host: &apos;A-ABDELSATAR&apos;, ip: &apos;10.10.10.35&apos;, os.name: &apos;Windows 10&apos;, os.arch: &apos;amd64&apos;, os.version: &apos;10.0&apos;, java.version: &apos;17&apos;
Driver info: org.openqa.selenium.firefox.FirefoxDriver
Capabilities {acceptInsecureCerts: true, browserName: firefox, browserVersion: 104.0.2, javascriptEnabled: true, moz:accessibilityChecks: false, moz:buildID: 20220902153754, moz:geckodriverVersion: 0.30.0, moz:headless: false, moz:platformVersion: 10.0, moz:processID: 28632, moz:profile: C:\Users\AHMED~1.ABD\AppDat..., moz:shutdownTimeout: 60000, moz:useNonSpecCompliantPointerOrigin: false, moz:webdriverClick: true, moz:windowless: false, pageLoadStrategy: normal, platform: WINDOWS, platformName: WINDOWS, proxy: Proxy(), setWindowRect: true, strictFileInteractability: false, timeouts: {implicit: 0, pageLoad: 300000, script: 30000}, unhandledPromptBehavior: dismiss and notify}
Session ID: b3d18111-4288-4f9b-9e9e-d26a88708501
	at java.base/jdk.internal.reflect.NativeConstructorAccessorImpl.newInstance0(Native Method)
	at java.base/jdk.internal.reflect.NativeConstructorAccessorImpl.newInstance(NativeConstructorAccessorImpl.java:77)
	at java.base/jdk.internal.reflect.DelegatingConstructorAccessorImpl.newInstance(DelegatingConstructorAccessorImpl.java:45)
	at java.base/java.lang.reflect.Constructor.newInstanceWithCaller(Constructor.java:499)
	at java.base/java.lang.reflect.Constructor.newInstance(Constructor.java:480)
	at org.openqa.selenium.remote.http.W3CHttpResponseCodec.createException(W3CHttpResponseCodec.java:187)
	at org.openqa.selenium.remote.http.W3CHttpResponseCodec.decode(W3CHttpResponseCodec.java:122)
	at org.openqa.selenium.remote.http.W3CHttpResponseCodec.decode(W3CHttpResponseCodec.java:49)
	at org.openqa.selenium.remote.HttpCommandExecutor.execute(HttpCommandExecutor.java:158)
	at org.openqa.selenium.remote.service.DriverCommandExecutor.execute(DriverCommandExecutor.java:83)
	at org.openqa.selenium.remote.RemoteWebDriver.execute(RemoteWebDriver.java:552)
	at org.openqa.selenium.remote.RemoteWebElement.execute(RemoteWebElement.java:285)
	at org.openqa.selenium.remote.RemoteWebElement.click(RemoteWebElement.java:84)
	at org.openqa.selenium.support.ui.Select.setSelected(Select.java:311)
	at org.openqa.selenium.support.ui.Select.selectByValue(Select.java:187)
	at testPages.MerchantsPage.EditNewAddedCandidate(MerchantsPage.java:170)
	at testCases.MerchantsPageTest.EDITCandidate(MerchantsPageTest.java:94)
	at java.base/jdk.internal.reflect.NativeMethodAccessorImpl.invoke0(Native Method)
	at java.base/jdk.internal.reflect.NativeMethodAccessorImpl.invoke(NativeMethodAccessorImpl.java:77)
	at java.base/jdk.internal.reflect.DelegatingMethodAccessorImpl.invoke(DelegatingMethodAccessorImpl.java:43)
	at java.base/java.lang.reflect.Method.invoke(Method.java:568)
	at org.testng.internal.MethodInvocationHelper.invokeMethod(MethodInvocationHelper.java:133)
	at org.testng.internal.TestInvoker.invokeMethod(TestInvoker.java:598)
	at org.testng.internal.TestInvoker.invokeTestMethod(TestInvoker.java:173)
	at org.testng.internal.MethodRunner.runInSequence(MethodRunner.java:46)
	at org.testng.internal.TestInvoker$MethodInvocationAgent.invoke(TestInvoker.java:824)
	at org.testng.internal.TestInvoker.invokeTestMethods(TestInvoker.java:146)
	at org.testng.internal.TestMethodWorker.invokeTestMethods(TestMethodWorker.java:146)
	at org.testng.internal.TestMethodWorker.run(TestMethodWorker.java:128)
	at java.base/java.util.ArrayList.forEach(ArrayList.java:1511)
	at org.testng.TestRunner.privateRun(TestRunner.java:794)
	at org.testng.TestRunner.run(TestRunner.java:596)
	at org.testng.SuiteRunner.runTest(SuiteRunner.java:377)
	at org.testng.SuiteRunner.runSequentially(SuiteRunner.java:371)
	at org.testng.SuiteRunner.privateRun(SuiteRunner.java:332)
	at org.testng.SuiteRunner.run(SuiteRunner.java:276)
	at org.testng.SuiteRunnerWorker.runSuite(SuiteRunnerWorker.java:53)
	at org.testng.SuiteRunnerWorker.run(SuiteRunnerWorker.java:96)
	at org.testng.TestNG.runSuitesSequentially(TestNG.java:1212)
	at org.testng.TestNG.runSuitesLocally(TestNG.java:1134)
	at org.testng.TestNG.runSuites(TestNG.java:1063)
	at org.testng.TestNG.run(TestNG.java:1031)
	at org.testng.remote.AbstractRemoteTestNG.run(AbstractRemoteTestNG.java:115)
	at org.testng.remote.RemoteTestNG.initAndRun(RemoteTestNG.java:251)
	at org.testng.remote.RemoteTestNG.main(RemoteTestNG.java:77)
</pre></div></td>
<td>6</td>
<td>testCases.MerchantsPageTest@169bb4dd</td></tr>
</table><p>
<table width='100%' border='1' class='invocation-passed'>
<tr><td colspan='4' align='center'><b>PASSED TESTS</b></td></tr>
<tr><td><b>Test method</b></td>
<td width="30%"><b>Exception</b></td>
<td width="10%"><b>Time (seconds)</b></td>
<td><b>Instance</b></td>
</tr>
<tr>
<td title='testCases.DashboardPageTest.changDashboard_year()'><b>changDashboard_year</b><br>Test class: testCases.DashboardPageTest</td>
<td></td>
<td>11</td>
<td>testCases.DashboardPageTest@626abbd0</td></tr>
<tr>
<td title='testCases.BalanceStatementPageTest.checkBalancePage()'><b>checkBalancePage</b><br>Test class: testCases.BalanceStatementPageTest</td>
<td></td>
<td>8</td>
<td>testCases.BalanceStatementPageTest@d23e042</td></tr>
<tr>
<td title='testCases.TeamsPageTest.go_to_BalanceStatement_Page()'><b>go_to_BalanceStatement_Page</b><br>Test class: testCases.TeamsPageTest</td>
<td></td>
<td>15</td>
<td>testCases.TeamsPageTest@2d0399f4</td></tr>
<tr>
<td title='testCases.DashboardPageTest.go_to_merchants_page()'><b>go_to_merchants_page</b><br>Test class: testCases.DashboardPageTest</td>
<td></td>
<td>5</td>
<td>testCases.DashboardPageTest@626abbd0</td></tr>
<tr>
<td title='testCases.TransactionsPageTest.transactionsPage()'><b>transactionsPage</b><br>Test class: testCases.TransactionsPageTest</td>
<td></td>
<td>8</td>
<td>testCases.TransactionsPageTest@3aa078fd</td></tr>
<tr>
<td title='testCases.MerchantsPageTest.go_To_Transactions()'><b>go_To_Transactions</b><br>Test class: testCases.MerchantsPageTest</td>
<td></td>
<td>5</td>
<td>testCases.MerchantsPageTest@169bb4dd</td></tr>
<tr>
<td title='testCases.LoginPageTest.loginActionPerform()'><b>loginActionPerform</b><br>Test class: testCases.LoginPageTest</td>
<td></td>
<td>5</td>
<td>testCases.LoginPageTest@7d3e8655</td></tr>
<tr>
<td title='testCases.MerchantsPageTest.ADDCandidate()'><b>ADDCandidate</b><br>Test class: testCases.MerchantsPageTest</td>
<td></td>
<td>10</td>
<td>testCases.MerchantsPageTest@169bb4dd</td></tr>
<tr>
<td title='testCases.LoginPageTest.checkloginToSystem()'><b>checkloginToSystem</b><br>Test class: testCases.LoginPageTest</td>
<td></td>
<td>0</td>
<td>testCases.LoginPageTest@7d3e8655</td></tr>
<tr>
<td title='testCases.TeamsPageTest.teamsPage()'><b>teamsPage</b><br>Test class: testCases.TeamsPageTest</td>
<td></td>
<td>12</td>
<td>testCases.TeamsPageTest@2d0399f4</td></tr>
<tr>
<td title='testCases.DashboardPageTest.dashboardPage()'><b>dashboardPage</b><br>Test class: testCases.DashboardPageTest</td>
<td></td>
<td>7</td>
<td>testCases.DashboardPageTest@626abbd0</td></tr>
<tr>
<td title='testCases.TransactionsPageTest.go_to_Teams_Page()'><b>go_to_Teams_Page</b><br>Test class: testCases.TransactionsPageTest</td>
<td></td>
<td>8</td>
<td>testCases.TransactionsPageTest@3aa078fd</td></tr>
<tr>
<td title='testCases.MerchantsPageTest.merchantsPage()'><b>merchantsPage</b><br>Test class: testCases.MerchantsPageTest</td>
<td></td>
<td>5</td>
<td>testCases.MerchantsPageTest@169bb4dd</td></tr>
<tr>
<td title='testCases.LogOutPageTest.logOutPage()'><b>logOutPage</b><br>Test class: testCases.LogOutPageTest</td>
<td></td>
<td>18</td>
<td>testCases.LogOutPageTest@66ea810</td></tr>
</table><p>
</body>
</html>