<?xml version="1.0" encoding="UTF-8"?>
<!-- Generated by org.testng.reporters.JUnitXMLReporter -->
<testsuite ignored="0" hostname="A-ABDELSATAR" failures="1" tests="15" name="Testonfirefox" time="209.438" errors="0" timestamp="2022-09-13T22:17:27 EET">
  <testcase classname="testCases.LoginPageTest" name="checkloginToSystem" time="0.004"/>
  <testcase classname="testCases.LoginPageTest" name="loginActionPerform" time="5.374"/>
  <testcase classname="testCases.DashboardPageTest" name="changDashboard_year" time="11.457"/>
  <testcase classname="testCases.DashboardPageTest" name="dashboardPage" time="7.861"/>
  <testcase classname="testCases.DashboardPageTest" name="go_to_merchants_page" time="5.906"/>
  <testcase classname="testCases.MerchantsPageTest" name="ADDCandidate" time="10.95"/>
  <testcase classname="testCases.MerchantsPageTest" name="EDITCandidate" time="6.489">
    <failure type="org.openqa.selenium.ElementNotInteractableException" message="Element &amp;lt;option class=&amp;quot;ng-star-inserted&amp;quot;&amp;gt; could not be scrolled into view
Build info: version: &amp;apos;3.141.59&amp;apos;, revision: &amp;apos;e82be7d358&amp;apos;, time: &amp;apos;2018-11-14T08:17:03&amp;apos;
System info: host: &amp;apos;A-ABDELSATAR&amp;apos;, ip: &amp;apos;10.10.10.35&amp;apos;, os.name: &amp;apos;Windows 10&amp;apos;, os.arch: &amp;apos;amd64&amp;apos;, os.version: &amp;apos;10.0&amp;apos;, java.version: &amp;apos;17&amp;apos;
Driver info: org.openqa.selenium.firefox.FirefoxDriver
Capabilities {acceptInsecureCerts: true, browserName: firefox, browserVersion: 104.0.2, javascriptEnabled: true, moz:accessibilityChecks: false, moz:buildID: 20220902153754, moz:geckodriverVersion: 0.30.0, moz:headless: false, moz:platformVersion: 10.0, moz:processID: 28632, moz:profile: C:\Users\AHMED~1.ABD\AppDat..., moz:shutdownTimeout: 60000, moz:useNonSpecCompliantPointerOrigin: false, moz:webdriverClick: true, moz:windowless: false, pageLoadStrategy: normal, platform: WINDOWS, platformName: WINDOWS, proxy: Proxy(), setWindowRect: true, strictFileInteractability: false, timeouts: {implicit: 0, pageLoad: 300000, script: 30000}, unhandledPromptBehavior: dismiss and notify}
Session ID: b3d18111-4288-4f9b-9e9e-d26a88708501">
      <![CDATA[org.openqa.selenium.ElementNotInteractableException: Element <option class="ng-star-inserted"> could not be scrolled into view
Build info: version: '3.141.59', revision: 'e82be7d358', time: '2018-11-14T08:17:03'
System info: host: 'A-ABDELSATAR', ip: '10.10.10.35', os.name: 'Windows 10', os.arch: 'amd64', os.version: '10.0', java.version: '17'
Driver info: org.openqa.selenium.firefox.FirefoxDriver
Capabilities {acceptInsecureCerts: true, browserName: firefox, browserVersion: 104.0.2, javascriptEnabled: true, moz:accessibilityChecks: false, moz:buildID: 20220902153754, moz:geckodriverVersion: 0.30.0, moz:headless: false, moz:platformVersion: 10.0, moz:processID: 28632, moz:profile: C:\Users\AHMED~1.ABD\AppDat..., moz:shutdownTimeout: 60000, moz:useNonSpecCompliantPointerOrigin: false, moz:webdriverClick: true, moz:windowless: false, pageLoadStrategy: normal, platform: WINDOWS, platformName: WINDOWS, proxy: Proxy(), setWindowRect: true, strictFileInteractability: false, timeouts: {implicit: 0, pageLoad: 300000, script: 30000}, unhandledPromptBehavior: dismiss and notify}
Session ID: b3d18111-4288-4f9b-9e9e-d26a88708501
at org.openqa.selenium.remote.http.W3CHttpResponseCodec.createException(W3CHttpResponseCodec.java:187)
at org.openqa.selenium.remote.http.W3CHttpResponseCodec.decode(W3CHttpResponseCodec.java:122)
at org.openqa.selenium.remote.http.W3CHttpResponseCodec.decode(W3CHttpResponseCodec.java:49)
at org.openqa.selenium.remote.HttpCommandExecutor.execute(HttpCommandExecutor.java:158)
at org.openqa.selenium.remote.service.DriverCommandExecutor.execute(DriverCommandExecutor.java:83)
at org.openqa.selenium.remote.RemoteWebDriver.execute(RemoteWebDriver.java:552)
at org.openqa.selenium.remote.RemoteWebElement.execute(RemoteWebElement.java:285)
at org.openqa.selenium.remote.RemoteWebElement.click(RemoteWebElement.java:84)
at org.openqa.selenium.support.ui.Select.setSelected(Select.java:311)
at org.openqa.selenium.support.ui.Select.selectByValue(Select.java:187)
at testPages.MerchantsPage.EditNewAddedCandidate(MerchantsPage.java:170)
at testCases.MerchantsPageTest.EDITCandidate(MerchantsPageTest.java:94)
at java.base/java.util.ArrayList.forEach(ArrayList.java:1511)
... Removed 32 stack frames]]>
    </failure>
  </testcase> <!-- EDITCandidate -->
  <testcase classname="testCases.MerchantsPageTest" name="go_To_Transactions" time="5.672"/>
  <testcase classname="testCases.MerchantsPageTest" name="merchantsPage" time="5.702"/>
  <testcase classname="testCases.TransactionsPageTest" name="go_to_Teams_Page" time="8.818"/>
  <testcase classname="testCases.TransactionsPageTest" name="transactionsPage" time="8.77"/>
  <testcase classname="testCases.BalanceStatementPageTest" name="checkBalancePage" time="8.715"/>
  <testcase classname="testCases.TeamsPageTest" name="go_to_BalanceStatement_Page" time="15.127"/>
  <testcase classname="testCases.TeamsPageTest" name="teamsPage" time="12.036"/>
  <testcase classname="testCases.LogOutPageTest" name="logOutPage" time="18.781"/>
</testsuite> <!-- Testonfirefox -->
